>>> cc

".\..\Drivers\DshanMCU-103\driver_oled.c", line 154: Warning:  #177-D: function "OLED_WriteData"  was declared but never referenced
  static int OLED_WriteData(uint8_t data)
             ^
".\..\Drivers\DshanMCU-103\driver_oled.c", line 202: Warning:  #177-D: function "OLED_H_Scroll"  was declared but never referenced
  static void OLED_H_Scroll(H_SCROLL_DIR dir, uint8_t start, uint8_t fr_time, uint8_t end)
              ^
".\..\Drivers\DshanMCU-103\driver_oled.c", line 226: Warning:  #177-D: function "OLED_HV_Scroll"  was declared but never referenced
  static void OLED_HV_Scroll(HV_SCROLL_DIR dir, uint8_t start, uint8_t fr_time, uint8_t end, uint8_t offset)
              ^
".\..\Drivers\DshanMCU-103\driver_oled.c", line 246: Warning:  #177-D: function "OLED_SetVScrollArea"  was declared but never referenced
  static void OLED_SetVScrollArea(uint8_t area, uint8_t row_num)
              ^
".\..\Drivers\DshanMCU-103\driver_oled.c", line 295: Warning:  #177-D: function "OLED_SetColAddr_HV"  was declared but never referenced
  static void OLED_SetColAddr_HV(uint8_t start, uint8_t end)
              ^
".\..\Drivers\DshanMCU-103\driver_oled.c", line 312: Warning:  #177-D: function "OLED_SetPageAddr_HV"  was declared but never referenced
  static void OLED_SetPageAddr_HV(uint8_t start, uint8_t end)
              ^
".\..\Drivers\DshanMCU-103\driver_oled.c", line 418: Warning:  #177-D: function "OLED_SetPreChargePeriod"  was declared but never referenced
  static void OLED_SetPreChargePeriod(uint8_t phase1, uint8_t phase2)
              ^
".\..\Drivers\DshanMCU-103\driver_oled.c", line 432: Warning:  #177-D: function "OLED_SetVcomhLevel"  was declared but never referenced
  static void OLED_SetVcomhLevel(VCOMH_LEVEL level)
              ^
.\..\Drivers\DshanMCU-103\driver_oled.c: 8 warnings, 0 errors

>>> ld

Program Size: Code=12992 RO-data=2408 RW-data=148 ZI-data=8148  
